07-07 18:56 root     INFO     Namespace(add_crowd=False, batch_size=1000, data_setup='single', dev_data='ontonotes/g_dev.json', dim_hidden=100, enhanced_mention=False, eval_batch_size=1998, eval_data='ontonotes/g_test.json', eval_period=500, goal='open', gpu=False, input_dropout=0.2, learning_rate=0.001, load=False, log_period=1000, lstm_type='two', mention_dropout=0.5, mode='train', model_id='qqp-train', multitask=False, num_epoch=10, only_crowd=False, reload_model_name=None, remove_el=False, remove_open=False, rnn_dim=100, save_period=1000, seed=1777, train_data='ontonotes/augmented_train.json')
07-07 18:56 transformers.tokenization_utils_base INFO     loading file https://s3.amazonaws.com/models.huggingface.co/bert/bert-base-uncased-vocab.txt from cache at /home/ybai/.cache/torch/transformers/26bc1ad6c0ac742e9b52263248f6d0f00068293b33709fae12320c0e35ccfbbb.542ce4285a40d23a559526243235df47c5f75c197f04f37d1a0c124c32c9a084
07-07 18:56 root     INFO     数据集大小: 363846
07-07 18:56 transformers.configuration_utils INFO     loading configuration file https://s3.amazonaws.com/models.huggingface.co/bert/bert-base-uncased-config.json from cache at /home/ybai/.cache/torch/transformers/4dad0251492946e18ac39290fcfe91b89d370fee250efe9521476438fe8ca185.7156163d5fdc189c3016baca0775ffce230789d7fa2a42ef516483e4ca884517
07-07 18:56 transformers.configuration_utils INFO     Model config BertConfig {
  "architectures": [
    "BertForMaskedLM"
  ],
  "attention_probs_dropout_prob": 0.1,
  "gradient_checkpointing": false,
  "hidden_act": "gelu",
  "hidden_dropout_prob": 0.1,
  "hidden_size": 768,
  "initializer_range": 0.02,
  "intermediate_size": 3072,
  "layer_norm_eps": 1e-12,
  "max_position_embeddings": 512,
  "model_type": "bert",
  "num_attention_heads": 12,
  "num_hidden_layers": 12,
  "pad_token_id": 0,
  "type_vocab_size": 2,
  "vocab_size": 30522
}

07-07 18:56 transformers.modeling_utils INFO     loading weights file https://cdn.huggingface.co/bert-base-uncased-pytorch_model.bin from cache at /home/ybai/.cache/torch/transformers/f2ee78bdd635b758cc0a12352586868bef80e47401abe4c4fcc3832421e7338b.36ca03ab34a1a5d5fa7bc3d03d55c4fa650fed07220e2eeebc06ce58d0e9a157
07-07 18:56 transformers.modeling_utils INFO     All model checkpoint weights were used when initializing BertModel.

07-07 18:56 transformers.modeling_utils INFO     All the weights of BertModel were initialized from the model checkpoint at bert-base-uncased.
If your task is similar to the task the model of the ckeckpoint was trained on, you can already use BertModel for predictions without further training.
07-07 18:56 transformers.configuration_utils INFO     loading configuration file https://s3.amazonaws.com/models.huggingface.co/bert/bert-base-uncased-config.json from cache at /home/ybai/.cache/torch/transformers/4dad0251492946e18ac39290fcfe91b89d370fee250efe9521476438fe8ca185.7156163d5fdc189c3016baca0775ffce230789d7fa2a42ef516483e4ca884517
07-07 18:56 transformers.configuration_utils INFO     Model config BertConfig {
  "architectures": [
    "BertForMaskedLM"
  ],
  "attention_probs_dropout_prob": 0.1,
  "gradient_checkpointing": false,
  "hidden_act": "gelu",
  "hidden_dropout_prob": 0.1,
  "hidden_size": 768,
  "initializer_range": 0.02,
  "intermediate_size": 3072,
  "layer_norm_eps": 1e-12,
  "max_position_embeddings": 512,
  "model_type": "bert",
  "num_attention_heads": 12,
  "num_hidden_layers": 12,
  "pad_token_id": 0,
  "type_vocab_size": 2,
  "vocab_size": 30522
}

07-07 18:56 transformers.modeling_utils INFO     loading weights file https://cdn.huggingface.co/bert-base-uncased-pytorch_model.bin from cache at /home/ybai/.cache/torch/transformers/f2ee78bdd635b758cc0a12352586868bef80e47401abe4c4fcc3832421e7338b.36ca03ab34a1a5d5fa7bc3d03d55c4fa650fed07220e2eeebc06ce58d0e9a157
07-07 18:56 transformers.modeling_utils INFO     All model checkpoint weights were used when initializing BertModel.

07-07 18:56 transformers.modeling_utils INFO     All the weights of BertModel were initialized from the model checkpoint at bert-base-uncased.
If your task is similar to the task the model of the ckeckpoint was trained on, you can already use BertModel for predictions without further training.
07-07 18:57 root     INFO     The 0 epoch.
07-07 19:22 transformers.tokenization_utils ERROR    We need to remove 192 to truncate the inputbut the first sequence has a length 33. Please select another truncation strategy than TruncationStrategy.ONLY_FIRST, for instance 'longest_first' or 'only_second'.
07-07 19:24 transformers.tokenization_utils ERROR    We need to remove 193 to truncate the inputbut the first sequence has a length 34. Please select another truncation strategy than TruncationStrategy.ONLY_FIRST, for instance 'longest_first' or 'only_second'.
07-07 19:35 transformers.tokenization_utils ERROR    We need to remove 182 to truncate the inputbut the first sequence has a length 33. Please select another truncation strategy than TruncationStrategy.ONLY_FIRST, for instance 'longest_first' or 'only_second'.
07-07 19:37 transformers.tokenization_utils ERROR    We need to remove 39 to truncate the inputbut the first sequence has a length 20. Please select another truncation strategy than TruncationStrategy.ONLY_FIRST, for instance 'longest_first' or 'only_second'.
07-07 19:39 transformers.tokenization_utils ERROR    We need to remove 176 to truncate the inputbut the first sequence has a length 17. Please select another truncation strategy than TruncationStrategy.ONLY_FIRST, for instance 'longest_first' or 'only_second'.
07-07 19:45 transformers.tokenization_utils ERROR    We need to remove 189 to truncate the inputbut the first sequence has a length 30. Please select another truncation strategy than TruncationStrategy.ONLY_FIRST, for instance 'longest_first' or 'only_second'.
07-07 19:57 transformers.tokenization_utils ERROR    We need to remove 184 to truncate the inputbut the first sequence has a length 25. Please select another truncation strategy than TruncationStrategy.ONLY_FIRST, for instance 'longest_first' or 'only_second'.
07-07 20:00 transformers.tokenization_utils ERROR    We need to remove 120 to truncate the inputbut the first sequence has a length 31. Please select another truncation strategy than TruncationStrategy.ONLY_FIRST, for instance 'longest_first' or 'only_second'.
07-07 20:05 transformers.tokenization_utils ERROR    We need to remove 195 to truncate the inputbut the first sequence has a length 36. Please select another truncation strategy than TruncationStrategy.ONLY_FIRST, for instance 'longest_first' or 'only_second'.
07-07 20:19 transformers.tokenization_utils ERROR    We need to remove 72 to truncate the inputbut the first sequence has a length 64. Please select another truncation strategy than TruncationStrategy.ONLY_FIRST, for instance 'longest_first' or 'only_second'.
07-07 20:25 transformers.tokenization_utils ERROR    We need to remove 39 to truncate the inputbut the first sequence has a length 20. Please select another truncation strategy than TruncationStrategy.ONLY_FIRST, for instance 'longest_first' or 'only_second'.
07-07 20:25 transformers.tokenization_utils ERROR    We need to remove 47 to truncate the inputbut the first sequence has a length 28. Please select another truncation strategy than TruncationStrategy.ONLY_FIRST, for instance 'longest_first' or 'only_second'.
07-07 20:29 transformers.tokenization_utils ERROR    We need to remove 192 to truncate the inputbut the first sequence has a length 33. Please select another truncation strategy than TruncationStrategy.ONLY_FIRST, for instance 'longest_first' or 'only_second'.
07-07 20:36 transformers.tokenization_utils ERROR    We need to remove 185 to truncate the inputbut the first sequence has a length 36. Please select another truncation strategy than TruncationStrategy.ONLY_FIRST, for instance 'longest_first' or 'only_second'.
07-07 20:38 transformers.tokenization_utils ERROR    We need to remove 64 to truncate the inputbut the first sequence has a length 41. Please select another truncation strategy than TruncationStrategy.ONLY_FIRST, for instance 'longest_first' or 'only_second'.
07-07 20:46 transformers.tokenization_utils ERROR    We need to remove 201 to truncate the inputbut the first sequence has a length 42. Please select another truncation strategy than TruncationStrategy.ONLY_FIRST, for instance 'longest_first' or 'only_second'.
07-07 20:49 transformers.tokenization_utils ERROR    We need to remove 66 to truncate the inputbut the first sequence has a length 43. Please select another truncation strategy than TruncationStrategy.ONLY_FIRST, for instance 'longest_first' or 'only_second'.
07-07 20:51 transformers.tokenization_utils ERROR    We need to remove 45 to truncate the inputbut the first sequence has a length 34. Please select another truncation strategy than TruncationStrategy.ONLY_FIRST, for instance 'longest_first' or 'only_second'.
07-07 20:59 transformers.tokenization_utils ERROR    We need to remove 195 to truncate the inputbut the first sequence has a length 36. Please select another truncation strategy than TruncationStrategy.ONLY_FIRST, for instance 'longest_first' or 'only_second'.
07-07 21:02 transformers.tokenization_utils ERROR    We need to remove 202 to truncate the inputbut the first sequence has a length 43. Please select another truncation strategy than TruncationStrategy.ONLY_FIRST, for instance 'longest_first' or 'only_second'.
07-07 21:09 transformers.tokenization_utils ERROR    We need to remove 59 to truncate the inputbut the first sequence has a length 57. Please select another truncation strategy than TruncationStrategy.ONLY_FIRST, for instance 'longest_first' or 'only_second'.
07-07 21:11 transformers.tokenization_utils ERROR    We need to remove 50 to truncate the inputbut the first sequence has a length 46. Please select another truncation strategy than TruncationStrategy.ONLY_FIRST, for instance 'longest_first' or 'only_second'.
07-07 21:20 transformers.tokenization_utils ERROR    We need to remove 192 to truncate the inputbut the first sequence has a length 33. Please select another truncation strategy than TruncationStrategy.ONLY_FIRST, for instance 'longest_first' or 'only_second'.
07-07 21:34 transformers.tokenization_utils ERROR    We need to remove 23 to truncate the inputbut the first sequence has a length 20. Please select another truncation strategy than TruncationStrategy.ONLY_FIRST, for instance 'longest_first' or 'only_second'.
07-07 21:45 transformers.tokenization_utils ERROR    We need to remove 76 to truncate the inputbut the first sequence has a length 57. Please select another truncation strategy than TruncationStrategy.ONLY_FIRST, for instance 'longest_first' or 'only_second'.
07-07 22:01 transformers.tokenization_utils ERROR    We need to remove 90 to truncate the inputbut the first sequence has a length 35. Please select another truncation strategy than TruncationStrategy.ONLY_FIRST, for instance 'longest_first' or 'only_second'.
07-07 22:04 transformers.tokenization_utils ERROR    We need to remove 181 to truncate the inputbut the first sequence has a length 32. Please select another truncation strategy than TruncationStrategy.ONLY_FIRST, for instance 'longest_first' or 'only_second'.
07-07 22:11 transformers.tokenization_utils ERROR    We need to remove 184 to truncate the inputbut the first sequence has a length 25. Please select another truncation strategy than TruncationStrategy.ONLY_FIRST, for instance 'longest_first' or 'only_second'.
07-07 22:17 transformers.tokenization_utils ERROR    We need to remove 190 to truncate the inputbut the first sequence has a length 31. Please select another truncation strategy than TruncationStrategy.ONLY_FIRST, for instance 'longest_first' or 'only_second'.
07-07 22:17 transformers.tokenization_utils ERROR    We need to remove 31 to truncate the inputbut the first sequence has a length 29. Please select another truncation strategy than TruncationStrategy.ONLY_FIRST, for instance 'longest_first' or 'only_second'.
07-07 22:18 root     INFO     Train
07-07 22:18 root     INFO     tloss: 0.4190
07-07 22:18 root     INFO     acc:   0.7927
07-07 22:18 root     INFO     auc:   0.7801
07-07 22:18 root     INFO     f1:    0.7228
07-07 22:18 transformers.tokenization_utils_base INFO     loading file https://s3.amazonaws.com/models.huggingface.co/bert/bert-base-uncased-vocab.txt from cache at /home/ybai/.cache/torch/transformers/26bc1ad6c0ac742e9b52263248f6d0f00068293b33709fae12320c0e35ccfbbb.542ce4285a40d23a559526243235df47c5f75c197f04f37d1a0c124c32c9a084
07-07 22:18 root     INFO     数据集大小: 40430
07-07 22:19 transformers.tokenization_utils ERROR    We need to remove 71 to truncate the inputbut the first sequence has a length 21. Please select another truncation strategy than TruncationStrategy.ONLY_FIRST, for instance 'longest_first' or 'only_second'.
07-07 22:22 root     INFO     DEV_AND_TEST
07-07 22:22 root     INFO     tloss: 0.3446
07-07 22:22 root     INFO     acc:   0.8427
07-07 22:22 root     INFO     auc:   0.8453
07-07 22:22 root     INFO     f1:    0.8001
07-07 22:22 root     INFO     The 1 epoch.
07-07 22:43 transformers.tokenization_utils ERROR    We need to remove 202 to truncate the inputbut the first sequence has a length 43. Please select another truncation strategy than TruncationStrategy.ONLY_FIRST, for instance 'longest_first' or 'only_second'.
07-07 22:55 transformers.tokenization_utils ERROR    We need to remove 59 to truncate the inputbut the first sequence has a length 57. Please select another truncation strategy than TruncationStrategy.ONLY_FIRST, for instance 'longest_first' or 'only_second'.
07-07 22:58 transformers.tokenization_utils ERROR    We need to remove 192 to truncate the inputbut the first sequence has a length 33. Please select another truncation strategy than TruncationStrategy.ONLY_FIRST, for instance 'longest_first' or 'only_second'.
07-07 23:00 transformers.tokenization_utils ERROR    We need to remove 195 to truncate the inputbut the first sequence has a length 36. Please select another truncation strategy than TruncationStrategy.ONLY_FIRST, for instance 'longest_first' or 'only_second'.
07-07 23:09 transformers.tokenization_utils ERROR    We need to remove 176 to truncate the inputbut the first sequence has a length 17. Please select another truncation strategy than TruncationStrategy.ONLY_FIRST, for instance 'longest_first' or 'only_second'.
07-07 23:10 transformers.tokenization_utils ERROR    We need to remove 182 to truncate the inputbut the first sequence has a length 33. Please select another truncation strategy than TruncationStrategy.ONLY_FIRST, for instance 'longest_first' or 'only_second'.
07-07 23:15 transformers.tokenization_utils ERROR    We need to remove 39 to truncate the inputbut the first sequence has a length 20. Please select another truncation strategy than TruncationStrategy.ONLY_FIRST, for instance 'longest_first' or 'only_second'.
07-07 23:19 transformers.tokenization_utils ERROR    We need to remove 195 to truncate the inputbut the first sequence has a length 36. Please select another truncation strategy than TruncationStrategy.ONLY_FIRST, for instance 'longest_first' or 'only_second'.
07-07 23:25 transformers.tokenization_utils ERROR    We need to remove 120 to truncate the inputbut the first sequence has a length 31. Please select another truncation strategy than TruncationStrategy.ONLY_FIRST, for instance 'longest_first' or 'only_second'.
07-07 23:32 transformers.tokenization_utils ERROR    We need to remove 190 to truncate the inputbut the first sequence has a length 31. Please select another truncation strategy than TruncationStrategy.ONLY_FIRST, for instance 'longest_first' or 'only_second'.
07-07 23:32 transformers.tokenization_utils ERROR    We need to remove 50 to truncate the inputbut the first sequence has a length 46. Please select another truncation strategy than TruncationStrategy.ONLY_FIRST, for instance 'longest_first' or 'only_second'.
07-07 23:44 transformers.tokenization_utils ERROR    We need to remove 181 to truncate the inputbut the first sequence has a length 32. Please select another truncation strategy than TruncationStrategy.ONLY_FIRST, for instance 'longest_first' or 'only_second'.
07-07 23:45 transformers.tokenization_utils ERROR    We need to remove 192 to truncate the inputbut the first sequence has a length 33. Please select another truncation strategy than TruncationStrategy.ONLY_FIRST, for instance 'longest_first' or 'only_second'.
07-07 23:49 transformers.tokenization_utils ERROR    We need to remove 23 to truncate the inputbut the first sequence has a length 20. Please select another truncation strategy than TruncationStrategy.ONLY_FIRST, for instance 'longest_first' or 'only_second'.
07-07 23:52 transformers.tokenization_utils ERROR    We need to remove 76 to truncate the inputbut the first sequence has a length 57. Please select another truncation strategy than TruncationStrategy.ONLY_FIRST, for instance 'longest_first' or 'only_second'.
07-08 00:10 transformers.tokenization_utils ERROR    We need to remove 90 to truncate the inputbut the first sequence has a length 35. Please select another truncation strategy than TruncationStrategy.ONLY_FIRST, for instance 'longest_first' or 'only_second'.
07-08 00:11 transformers.tokenization_utils ERROR    We need to remove 31 to truncate the inputbut the first sequence has a length 29. Please select another truncation strategy than TruncationStrategy.ONLY_FIRST, for instance 'longest_first' or 'only_second'.
07-08 00:11 transformers.tokenization_utils ERROR    We need to remove 192 to truncate the inputbut the first sequence has a length 33. Please select another truncation strategy than TruncationStrategy.ONLY_FIRST, for instance 'longest_first' or 'only_second'.
07-08 00:41 transformers.tokenization_utils ERROR    We need to remove 64 to truncate the inputbut the first sequence has a length 41. Please select another truncation strategy than TruncationStrategy.ONLY_FIRST, for instance 'longest_first' or 'only_second'.
07-08 00:50 transformers.tokenization_utils ERROR    We need to remove 72 to truncate the inputbut the first sequence has a length 64. Please select another truncation strategy than TruncationStrategy.ONLY_FIRST, for instance 'longest_first' or 'only_second'.
07-08 00:52 transformers.tokenization_utils ERROR    We need to remove 201 to truncate the inputbut the first sequence has a length 42. Please select another truncation strategy than TruncationStrategy.ONLY_FIRST, for instance 'longest_first' or 'only_second'.
07-08 00:56 transformers.tokenization_utils ERROR    We need to remove 184 to truncate the inputbut the first sequence has a length 25. Please select another truncation strategy than TruncationStrategy.ONLY_FIRST, for instance 'longest_first' or 'only_second'.
07-08 01:16 transformers.tokenization_utils ERROR    We need to remove 184 to truncate the inputbut the first sequence has a length 25. Please select another truncation strategy than TruncationStrategy.ONLY_FIRST, for instance 'longest_first' or 'only_second'.
07-08 01:23 transformers.tokenization_utils ERROR    We need to remove 66 to truncate the inputbut the first sequence has a length 43. Please select another truncation strategy than TruncationStrategy.ONLY_FIRST, for instance 'longest_first' or 'only_second'.
07-08 01:27 transformers.tokenization_utils ERROR    We need to remove 193 to truncate the inputbut the first sequence has a length 34. Please select another truncation strategy than TruncationStrategy.ONLY_FIRST, for instance 'longest_first' or 'only_second'.
07-08 01:29 transformers.tokenization_utils ERROR    We need to remove 189 to truncate the inputbut the first sequence has a length 30. Please select another truncation strategy than TruncationStrategy.ONLY_FIRST, for instance 'longest_first' or 'only_second'.
07-08 01:36 transformers.tokenization_utils ERROR    We need to remove 39 to truncate the inputbut the first sequence has a length 20. Please select another truncation strategy than TruncationStrategy.ONLY_FIRST, for instance 'longest_first' or 'only_second'.
07-08 01:36 transformers.tokenization_utils ERROR    We need to remove 185 to truncate the inputbut the first sequence has a length 36. Please select another truncation strategy than TruncationStrategy.ONLY_FIRST, for instance 'longest_first' or 'only_second'.
07-08 01:38 transformers.tokenization_utils ERROR    We need to remove 45 to truncate the inputbut the first sequence has a length 34. Please select another truncation strategy than TruncationStrategy.ONLY_FIRST, for instance 'longest_first' or 'only_second'.
07-08 01:39 transformers.tokenization_utils ERROR    We need to remove 47 to truncate the inputbut the first sequence has a length 28. Please select another truncation strategy than TruncationStrategy.ONLY_FIRST, for instance 'longest_first' or 'only_second'.
07-08 01:42 root     INFO     Train
07-08 01:42 root     INFO     tloss: 0.3294
07-08 01:42 root     INFO     acc:   0.8494
07-08 01:42 root     INFO     auc:   0.8442
07-08 01:42 root     INFO     f1:    0.8017
07-08 01:42 transformers.tokenization_utils_base INFO     loading file https://s3.amazonaws.com/models.huggingface.co/bert/bert-base-uncased-vocab.txt from cache at /home/ybai/.cache/torch/transformers/26bc1ad6c0ac742e9b52263248f6d0f00068293b33709fae12320c0e35ccfbbb.542ce4285a40d23a559526243235df47c5f75c197f04f37d1a0c124c32c9a084
07-08 01:42 root     INFO     数据集大小: 40430
07-08 01:43 transformers.tokenization_utils ERROR    We need to remove 71 to truncate the inputbut the first sequence has a length 21. Please select another truncation strategy than TruncationStrategy.ONLY_FIRST, for instance 'longest_first' or 'only_second'.
07-08 01:47 root     INFO     DEV_AND_TEST
07-08 01:47 root     INFO     tloss: 0.3112
07-08 01:47 root     INFO     acc:   0.8602
07-08 01:47 root     INFO     auc:   0.8600
07-08 01:47 root     INFO     f1:    0.8191
07-08 01:47 root     INFO     The 2 epoch.
07-08 02:02 transformers.tokenization_utils ERROR    We need to remove 181 to truncate the inputbut the first sequence has a length 32. Please select another truncation strategy than TruncationStrategy.ONLY_FIRST, for instance 'longest_first' or 'only_second'.
07-08 02:18 transformers.tokenization_utils ERROR    We need to remove 23 to truncate the inputbut the first sequence has a length 20. Please select another truncation strategy than TruncationStrategy.ONLY_FIRST, for instance 'longest_first' or 'only_second'.
07-08 02:21 transformers.tokenization_utils ERROR    We need to remove 50 to truncate the inputbut the first sequence has a length 46. Please select another truncation strategy than TruncationStrategy.ONLY_FIRST, for instance 'longest_first' or 'only_second'.
07-08 02:27 transformers.tokenization_utils ERROR    We need to remove 176 to truncate the inputbut the first sequence has a length 17. Please select another truncation strategy than TruncationStrategy.ONLY_FIRST, for instance 'longest_first' or 'only_second'.
07-08 02:31 transformers.tokenization_utils ERROR    We need to remove 192 to truncate the inputbut the first sequence has a length 33. Please select another truncation strategy than TruncationStrategy.ONLY_FIRST, for instance 'longest_first' or 'only_second'.
07-08 02:32 transformers.tokenization_utils ERROR    We need to remove 182 to truncate the inputbut the first sequence has a length 33. Please select another truncation strategy than TruncationStrategy.ONLY_FIRST, for instance 'longest_first' or 'only_second'.
07-08 02:32 transformers.tokenization_utils ERROR    We need to remove 120 to truncate the inputbut the first sequence has a length 31. Please select another truncation strategy than TruncationStrategy.ONLY_FIRST, for instance 'longest_first' or 'only_second'.
07-08 02:34 transformers.tokenization_utils ERROR    We need to remove 190 to truncate the inputbut the first sequence has a length 31. Please select another truncation strategy than TruncationStrategy.ONLY_FIRST, for instance 'longest_first' or 'only_second'.
07-08 02:38 transformers.tokenization_utils ERROR    We need to remove 64 to truncate the inputbut the first sequence has a length 41. Please select another truncation strategy than TruncationStrategy.ONLY_FIRST, for instance 'longest_first' or 'only_second'.
07-08 02:41 transformers.tokenization_utils ERROR    We need to remove 189 to truncate the inputbut the first sequence has a length 30. Please select another truncation strategy than TruncationStrategy.ONLY_FIRST, for instance 'longest_first' or 'only_second'.
07-08 02:41 transformers.tokenization_utils ERROR    We need to remove 66 to truncate the inputbut the first sequence has a length 43. Please select another truncation strategy than TruncationStrategy.ONLY_FIRST, for instance 'longest_first' or 'only_second'.
07-08 03:04 transformers.tokenization_utils ERROR    We need to remove 192 to truncate the inputbut the first sequence has a length 33. Please select another truncation strategy than TruncationStrategy.ONLY_FIRST, for instance 'longest_first' or 'only_second'.
07-08 03:11 transformers.tokenization_utils ERROR    We need to remove 39 to truncate the inputbut the first sequence has a length 20. Please select another truncation strategy than TruncationStrategy.ONLY_FIRST, for instance 'longest_first' or 'only_second'.
07-08 03:12 transformers.tokenization_utils ERROR    We need to remove 90 to truncate the inputbut the first sequence has a length 35. Please select another truncation strategy than TruncationStrategy.ONLY_FIRST, for instance 'longest_first' or 'only_second'.
07-08 03:15 transformers.tokenization_utils ERROR    We need to remove 59 to truncate the inputbut the first sequence has a length 57. Please select another truncation strategy than TruncationStrategy.ONLY_FIRST, for instance 'longest_first' or 'only_second'.
07-08 03:19 transformers.tokenization_utils ERROR    We need to remove 201 to truncate the inputbut the first sequence has a length 42. Please select another truncation strategy than TruncationStrategy.ONLY_FIRST, for instance 'longest_first' or 'only_second'.
07-08 03:19 transformers.tokenization_utils ERROR    We need to remove 195 to truncate the inputbut the first sequence has a length 36. Please select another truncation strategy than TruncationStrategy.ONLY_FIRST, for instance 'longest_first' or 'only_second'.
07-08 03:26 transformers.tokenization_utils ERROR    We need to remove 76 to truncate the inputbut the first sequence has a length 57. Please select another truncation strategy than TruncationStrategy.ONLY_FIRST, for instance 'longest_first' or 'only_second'.
07-08 03:31 transformers.tokenization_utils ERROR    We need to remove 184 to truncate the inputbut the first sequence has a length 25. Please select another truncation strategy than TruncationStrategy.ONLY_FIRST, for instance 'longest_first' or 'only_second'.
07-08 03:39 transformers.tokenization_utils ERROR    We need to remove 31 to truncate the inputbut the first sequence has a length 29. Please select another truncation strategy than TruncationStrategy.ONLY_FIRST, for instance 'longest_first' or 'only_second'.
07-08 03:52 transformers.tokenization_utils ERROR    We need to remove 45 to truncate the inputbut the first sequence has a length 34. Please select another truncation strategy than TruncationStrategy.ONLY_FIRST, for instance 'longest_first' or 'only_second'.
07-08 04:02 transformers.tokenization_utils ERROR    We need to remove 192 to truncate the inputbut the first sequence has a length 33. Please select another truncation strategy than TruncationStrategy.ONLY_FIRST, for instance 'longest_first' or 'only_second'.
07-08 04:07 transformers.tokenization_utils ERROR    We need to remove 185 to truncate the inputbut the first sequence has a length 36. Please select another truncation strategy than TruncationStrategy.ONLY_FIRST, for instance 'longest_first' or 'only_second'.
07-08 04:08 transformers.tokenization_utils ERROR    We need to remove 47 to truncate the inputbut the first sequence has a length 28. Please select another truncation strategy than TruncationStrategy.ONLY_FIRST, for instance 'longest_first' or 'only_second'.
07-08 04:08 transformers.tokenization_utils ERROR    We need to remove 195 to truncate the inputbut the first sequence has a length 36. Please select another truncation strategy than TruncationStrategy.ONLY_FIRST, for instance 'longest_first' or 'only_second'.
07-08 04:33 transformers.tokenization_utils ERROR    We need to remove 72 to truncate the inputbut the first sequence has a length 64. Please select another truncation strategy than TruncationStrategy.ONLY_FIRST, for instance 'longest_first' or 'only_second'.
07-08 04:36 transformers.tokenization_utils ERROR    We need to remove 202 to truncate the inputbut the first sequence has a length 43. Please select another truncation strategy than TruncationStrategy.ONLY_FIRST, for instance 'longest_first' or 'only_second'.
07-08 04:50 transformers.tokenization_utils ERROR    We need to remove 39 to truncate the inputbut the first sequence has a length 20. Please select another truncation strategy than TruncationStrategy.ONLY_FIRST, for instance 'longest_first' or 'only_second'.
07-08 04:58 transformers.tokenization_utils ERROR    We need to remove 184 to truncate the inputbut the first sequence has a length 25. Please select another truncation strategy than TruncationStrategy.ONLY_FIRST, for instance 'longest_first' or 'only_second'.
07-08 05:07 transformers.tokenization_utils ERROR    We need to remove 193 to truncate the inputbut the first sequence has a length 34. Please select another truncation strategy than TruncationStrategy.ONLY_FIRST, for instance 'longest_first' or 'only_second'.
07-08 05:08 root     INFO     Train
07-08 05:08 root     INFO     tloss: 0.2981
07-08 05:08 root     INFO     acc:   0.8667
07-08 05:08 root     INFO     auc:   0.8622
07-08 05:08 root     INFO     f1:    0.8240
07-08 05:08 transformers.tokenization_utils_base INFO     loading file https://s3.amazonaws.com/models.huggingface.co/bert/bert-base-uncased-vocab.txt from cache at /home/ybai/.cache/torch/transformers/26bc1ad6c0ac742e9b52263248f6d0f00068293b33709fae12320c0e35ccfbbb.542ce4285a40d23a559526243235df47c5f75c197f04f37d1a0c124c32c9a084
07-08 05:09 root     INFO     数据集大小: 40430
07-08 05:10 transformers.tokenization_utils ERROR    We need to remove 71 to truncate the inputbut the first sequence has a length 21. Please select another truncation strategy than TruncationStrategy.ONLY_FIRST, for instance 'longest_first' or 'only_second'.
07-08 05:13 root     INFO     DEV_AND_TEST
07-08 05:13 root     INFO     tloss: 0.3002
07-08 05:13 root     INFO     acc:   0.8658
07-08 05:13 root     INFO     auc:   0.8579
07-08 05:13 root     INFO     f1:    0.8196
07-08 05:13 root     INFO     The 3 epoch.
07-08 05:18 transformers.tokenization_utils ERROR    We need to remove 181 to truncate the inputbut the first sequence has a length 32. Please select another truncation strategy than TruncationStrategy.ONLY_FIRST, for instance 'longest_first' or 'only_second'.
07-08 05:23 transformers.tokenization_utils ERROR    We need to remove 189 to truncate the inputbut the first sequence has a length 30. Please select another truncation strategy than TruncationStrategy.ONLY_FIRST, for instance 'longest_first' or 'only_second'.
07-08 05:24 transformers.tokenization_utils ERROR    We need to remove 192 to truncate the inputbut the first sequence has a length 33. Please select another truncation strategy than TruncationStrategy.ONLY_FIRST, for instance 'longest_first' or 'only_second'.
07-08 05:27 transformers.tokenization_utils ERROR    We need to remove 72 to truncate the inputbut the first sequence has a length 64. Please select another truncation strategy than TruncationStrategy.ONLY_FIRST, for instance 'longest_first' or 'only_second'.
07-08 05:29 transformers.tokenization_utils ERROR    We need to remove 76 to truncate the inputbut the first sequence has a length 57. Please select another truncation strategy than TruncationStrategy.ONLY_FIRST, for instance 'longest_first' or 'only_second'.
07-08 05:39 transformers.tokenization_utils ERROR    We need to remove 195 to truncate the inputbut the first sequence has a length 36. Please select another truncation strategy than TruncationStrategy.ONLY_FIRST, for instance 'longest_first' or 'only_second'.
07-08 05:48 transformers.tokenization_utils ERROR    We need to remove 39 to truncate the inputbut the first sequence has a length 20. Please select another truncation strategy than TruncationStrategy.ONLY_FIRST, for instance 'longest_first' or 'only_second'.
07-08 05:49 transformers.tokenization_utils ERROR    We need to remove 184 to truncate the inputbut the first sequence has a length 25. Please select another truncation strategy than TruncationStrategy.ONLY_FIRST, for instance 'longest_first' or 'only_second'.
07-08 05:52 transformers.tokenization_utils ERROR    We need to remove 192 to truncate the inputbut the first sequence has a length 33. Please select another truncation strategy than TruncationStrategy.ONLY_FIRST, for instance 'longest_first' or 'only_second'.
07-08 06:04 transformers.tokenization_utils ERROR    We need to remove 47 to truncate the inputbut the first sequence has a length 28. Please select another truncation strategy than TruncationStrategy.ONLY_FIRST, for instance 'longest_first' or 'only_second'.
07-08 06:05 transformers.tokenization_utils ERROR    We need to remove 190 to truncate the inputbut the first sequence has a length 31. Please select another truncation strategy than TruncationStrategy.ONLY_FIRST, for instance 'longest_first' or 'only_second'.
07-08 06:15 transformers.tokenization_utils ERROR    We need to remove 50 to truncate the inputbut the first sequence has a length 46. Please select another truncation strategy than TruncationStrategy.ONLY_FIRST, for instance 'longest_first' or 'only_second'.
07-08 06:15 transformers.tokenization_utils ERROR    We need to remove 45 to truncate the inputbut the first sequence has a length 34. Please select another truncation strategy than TruncationStrategy.ONLY_FIRST, for instance 'longest_first' or 'only_second'.
07-08 06:30 transformers.tokenization_utils ERROR    We need to remove 39 to truncate the inputbut the first sequence has a length 20. Please select another truncation strategy than TruncationStrategy.ONLY_FIRST, for instance 'longest_first' or 'only_second'.
07-08 06:32 transformers.tokenization_utils ERROR    We need to remove 193 to truncate the inputbut the first sequence has a length 34. Please select another truncation strategy than TruncationStrategy.ONLY_FIRST, for instance 'longest_first' or 'only_second'.
07-08 06:36 transformers.tokenization_utils ERROR    We need to remove 201 to truncate the inputbut the first sequence has a length 42. Please select another truncation strategy than TruncationStrategy.ONLY_FIRST, for instance 'longest_first' or 'only_second'.
07-08 06:56 transformers.tokenization_utils ERROR    We need to remove 66 to truncate the inputbut the first sequence has a length 43. Please select another truncation strategy than TruncationStrategy.ONLY_FIRST, for instance 'longest_first' or 'only_second'.
07-08 07:01 transformers.tokenization_utils ERROR    We need to remove 31 to truncate the inputbut the first sequence has a length 29. Please select another truncation strategy than TruncationStrategy.ONLY_FIRST, for instance 'longest_first' or 'only_second'.
07-08 07:25 transformers.tokenization_utils ERROR    We need to remove 182 to truncate the inputbut the first sequence has a length 33. Please select another truncation strategy than TruncationStrategy.ONLY_FIRST, for instance 'longest_first' or 'only_second'.
07-08 07:30 transformers.tokenization_utils ERROR    We need to remove 120 to truncate the inputbut the first sequence has a length 31. Please select another truncation strategy than TruncationStrategy.ONLY_FIRST, for instance 'longest_first' or 'only_second'.
07-08 07:35 transformers.tokenization_utils ERROR    We need to remove 184 to truncate the inputbut the first sequence has a length 25. Please select another truncation strategy than TruncationStrategy.ONLY_FIRST, for instance 'longest_first' or 'only_second'.
07-08 07:50 transformers.tokenization_utils ERROR    We need to remove 185 to truncate the inputbut the first sequence has a length 36. Please select another truncation strategy than TruncationStrategy.ONLY_FIRST, for instance 'longest_first' or 'only_second'.
07-08 08:02 transformers.tokenization_utils ERROR    We need to remove 90 to truncate the inputbut the first sequence has a length 35. Please select another truncation strategy than TruncationStrategy.ONLY_FIRST, for instance 'longest_first' or 'only_second'.
07-08 08:04 transformers.tokenization_utils ERROR    We need to remove 23 to truncate the inputbut the first sequence has a length 20. Please select another truncation strategy than TruncationStrategy.ONLY_FIRST, for instance 'longest_first' or 'only_second'.
07-08 08:13 transformers.tokenization_utils ERROR    We need to remove 64 to truncate the inputbut the first sequence has a length 41. Please select another truncation strategy than TruncationStrategy.ONLY_FIRST, for instance 'longest_first' or 'only_second'.
07-08 08:27 transformers.tokenization_utils ERROR    We need to remove 176 to truncate the inputbut the first sequence has a length 17. Please select another truncation strategy than TruncationStrategy.ONLY_FIRST, for instance 'longest_first' or 'only_second'.
07-08 08:28 transformers.tokenization_utils ERROR    We need to remove 195 to truncate the inputbut the first sequence has a length 36. Please select another truncation strategy than TruncationStrategy.ONLY_FIRST, for instance 'longest_first' or 'only_second'.
07-08 08:29 transformers.tokenization_utils ERROR    We need to remove 192 to truncate the inputbut the first sequence has a length 33. Please select another truncation strategy than TruncationStrategy.ONLY_FIRST, for instance 'longest_first' or 'only_second'.
07-08 08:31 transformers.tokenization_utils ERROR    We need to remove 202 to truncate the inputbut the first sequence has a length 43. Please select another truncation strategy than TruncationStrategy.ONLY_FIRST, for instance 'longest_first' or 'only_second'.
07-08 08:34 transformers.tokenization_utils ERROR    We need to remove 59 to truncate the inputbut the first sequence has a length 57. Please select another truncation strategy than TruncationStrategy.ONLY_FIRST, for instance 'longest_first' or 'only_second'.
07-08 08:35 root     INFO     Train
07-08 08:35 root     INFO     tloss: 0.2782
07-08 08:35 root     INFO     acc:   0.8766
07-08 08:35 root     INFO     auc:   0.8726
07-08 08:35 root     INFO     f1:    0.8369
07-08 08:35 transformers.tokenization_utils_base INFO     loading file https://s3.amazonaws.com/models.huggingface.co/bert/bert-base-uncased-vocab.txt from cache at /home/ybai/.cache/torch/transformers/26bc1ad6c0ac742e9b52263248f6d0f00068293b33709fae12320c0e35ccfbbb.542ce4285a40d23a559526243235df47c5f75c197f04f37d1a0c124c32c9a084
07-08 08:35 root     INFO     数据集大小: 40430
07-08 08:36 transformers.tokenization_utils ERROR    We need to remove 71 to truncate the inputbut the first sequence has a length 21. Please select another truncation strategy than TruncationStrategy.ONLY_FIRST, for instance 'longest_first' or 'only_second'.
07-08 08:40 root     INFO     DEV_AND_TEST
07-08 08:40 root     INFO     tloss: 0.2856
07-08 08:40 root     INFO     acc:   0.8746
07-08 08:40 root     INFO     auc:   0.8703
07-08 08:40 root     INFO     f1:    0.8337
07-08 08:40 root     INFO     The 4 epoch.
07-08 08:47 transformers.tokenization_utils ERROR    We need to remove 120 to truncate the inputbut the first sequence has a length 31. Please select another truncation strategy than TruncationStrategy.ONLY_FIRST, for instance 'longest_first' or 'only_second'.
07-08 08:47 transformers.tokenization_utils ERROR    We need to remove 72 to truncate the inputbut the first sequence has a length 64. Please select another truncation strategy than TruncationStrategy.ONLY_FIRST, for instance 'longest_first' or 'only_second'.
07-08 08:49 transformers.tokenization_utils ERROR    We need to remove 31 to truncate the inputbut the first sequence has a length 29. Please select another truncation strategy than TruncationStrategy.ONLY_FIRST, for instance 'longest_first' or 'only_second'.
07-08 08:50 transformers.tokenization_utils ERROR    We need to remove 90 to truncate the inputbut the first sequence has a length 35. Please select another truncation strategy than TruncationStrategy.ONLY_FIRST, for instance 'longest_first' or 'only_second'.
07-08 09:08 transformers.tokenization_utils ERROR    We need to remove 192 to truncate the inputbut the first sequence has a length 33. Please select another truncation strategy than TruncationStrategy.ONLY_FIRST, for instance 'longest_first' or 'only_second'.
07-08 09:21 transformers.tokenization_utils ERROR    We need to remove 184 to truncate the inputbut the first sequence has a length 25. Please select another truncation strategy than TruncationStrategy.ONLY_FIRST, for instance 'longest_first' or 'only_second'.
07-08 09:39 transformers.tokenization_utils ERROR    We need to remove 195 to truncate the inputbut the first sequence has a length 36. Please select another truncation strategy than TruncationStrategy.ONLY_FIRST, for instance 'longest_first' or 'only_second'.
07-08 09:41 transformers.tokenization_utils ERROR    We need to remove 185 to truncate the inputbut the first sequence has a length 36. Please select another truncation strategy than TruncationStrategy.ONLY_FIRST, for instance 'longest_first' or 'only_second'.
07-08 09:42 transformers.tokenization_utils ERROR    We need to remove 50 to truncate the inputbut the first sequence has a length 46. Please select another truncation strategy than TruncationStrategy.ONLY_FIRST, for instance 'longest_first' or 'only_second'.
07-08 09:48 transformers.tokenization_utils ERROR    We need to remove 182 to truncate the inputbut the first sequence has a length 33. Please select another truncation strategy than TruncationStrategy.ONLY_FIRST, for instance 'longest_first' or 'only_second'.
07-08 09:55 transformers.tokenization_utils ERROR    We need to remove 201 to truncate the inputbut the first sequence has a length 42. Please select another truncation strategy than TruncationStrategy.ONLY_FIRST, for instance 'longest_first' or 'only_second'.
07-08 10:14 transformers.tokenization_utils ERROR    We need to remove 39 to truncate the inputbut the first sequence has a length 20. Please select another truncation strategy than TruncationStrategy.ONLY_FIRST, for instance 'longest_first' or 'only_second'.
07-08 10:16 transformers.tokenization_utils ERROR    We need to remove 192 to truncate the inputbut the first sequence has a length 33. Please select another truncation strategy than TruncationStrategy.ONLY_FIRST, for instance 'longest_first' or 'only_second'.
07-08 10:22 transformers.tokenization_utils ERROR    We need to remove 23 to truncate the inputbut the first sequence has a length 20. Please select another truncation strategy than TruncationStrategy.ONLY_FIRST, for instance 'longest_first' or 'only_second'.
07-08 10:22 transformers.tokenization_utils ERROR    We need to remove 181 to truncate the inputbut the first sequence has a length 32. Please select another truncation strategy than TruncationStrategy.ONLY_FIRST, for instance 'longest_first' or 'only_second'.
07-08 10:23 transformers.tokenization_utils ERROR    We need to remove 190 to truncate the inputbut the first sequence has a length 31. Please select another truncation strategy than TruncationStrategy.ONLY_FIRST, for instance 'longest_first' or 'only_second'.
07-08 10:31 transformers.tokenization_utils ERROR    We need to remove 76 to truncate the inputbut the first sequence has a length 57. Please select another truncation strategy than TruncationStrategy.ONLY_FIRST, for instance 'longest_first' or 'only_second'.
07-08 10:40 transformers.tokenization_utils ERROR    We need to remove 47 to truncate the inputbut the first sequence has a length 28. Please select another truncation strategy than TruncationStrategy.ONLY_FIRST, for instance 'longest_first' or 'only_second'.
07-08 10:42 transformers.tokenization_utils ERROR    We need to remove 59 to truncate the inputbut the first sequence has a length 57. Please select another truncation strategy than TruncationStrategy.ONLY_FIRST, for instance 'longest_first' or 'only_second'.
07-08 10:46 transformers.tokenization_utils ERROR    We need to remove 202 to truncate the inputbut the first sequence has a length 43. Please select another truncation strategy than TruncationStrategy.ONLY_FIRST, for instance 'longest_first' or 'only_second'.
07-08 10:50 transformers.tokenization_utils ERROR    We need to remove 193 to truncate the inputbut the first sequence has a length 34. Please select another truncation strategy than TruncationStrategy.ONLY_FIRST, for instance 'longest_first' or 'only_second'.
07-08 10:50 transformers.tokenization_utils ERROR    We need to remove 45 to truncate the inputbut the first sequence has a length 34. Please select another truncation strategy than TruncationStrategy.ONLY_FIRST, for instance 'longest_first' or 'only_second'.
07-08 10:54 transformers.tokenization_utils ERROR    We need to remove 66 to truncate the inputbut the first sequence has a length 43. Please select another truncation strategy than TruncationStrategy.ONLY_FIRST, for instance 'longest_first' or 'only_second'.
07-08 10:55 transformers.tokenization_utils ERROR    We need to remove 64 to truncate the inputbut the first sequence has a length 41. Please select another truncation strategy than TruncationStrategy.ONLY_FIRST, for instance 'longest_first' or 'only_second'.
07-08 11:08 transformers.tokenization_utils ERROR    We need to remove 189 to truncate the inputbut the first sequence has a length 30. Please select another truncation strategy than TruncationStrategy.ONLY_FIRST, for instance 'longest_first' or 'only_second'.
07-08 11:19 transformers.tokenization_utils ERROR    We need to remove 176 to truncate the inputbut the first sequence has a length 17. Please select another truncation strategy than TruncationStrategy.ONLY_FIRST, for instance 'longest_first' or 'only_second'.
07-08 11:31 transformers.tokenization_utils ERROR    We need to remove 195 to truncate the inputbut the first sequence has a length 36. Please select another truncation strategy than TruncationStrategy.ONLY_FIRST, for instance 'longest_first' or 'only_second'.
07-08 11:32 transformers.tokenization_utils ERROR    We need to remove 192 to truncate the inputbut the first sequence has a length 33. Please select another truncation strategy than TruncationStrategy.ONLY_FIRST, for instance 'longest_first' or 'only_second'.
07-08 11:35 transformers.tokenization_utils ERROR    We need to remove 184 to truncate the inputbut the first sequence has a length 25. Please select another truncation strategy than TruncationStrategy.ONLY_FIRST, for instance 'longest_first' or 'only_second'.
07-08 11:51 transformers.tokenization_utils ERROR    We need to remove 39 to truncate the inputbut the first sequence has a length 20. Please select another truncation strategy than TruncationStrategy.ONLY_FIRST, for instance 'longest_first' or 'only_second'.
07-08 12:01 root     INFO     Train
07-08 12:01 root     INFO     tloss: 0.2626
07-08 12:01 root     INFO     acc:   0.8849
07-08 12:01 root     INFO     auc:   0.8815
07-08 12:01 root     INFO     f1:    0.8479
07-08 12:02 transformers.tokenization_utils_base INFO     loading file https://s3.amazonaws.com/models.huggingface.co/bert/bert-base-uncased-vocab.txt from cache at /home/ybai/.cache/torch/transformers/26bc1ad6c0ac742e9b52263248f6d0f00068293b33709fae12320c0e35ccfbbb.542ce4285a40d23a559526243235df47c5f75c197f04f37d1a0c124c32c9a084
07-08 12:02 root     INFO     数据集大小: 40430
07-08 12:03 transformers.tokenization_utils ERROR    We need to remove 71 to truncate the inputbut the first sequence has a length 21. Please select another truncation strategy than TruncationStrategy.ONLY_FIRST, for instance 'longest_first' or 'only_second'.
07-08 12:06 root     INFO     DEV_AND_TEST
07-08 12:06 root     INFO     tloss: 0.2688
07-08 12:06 root     INFO     acc:   0.8827
07-08 12:06 root     INFO     auc:   0.8789
07-08 12:06 root     INFO     f1:    0.8444
07-08 12:06 root     INFO     The 5 epoch.
07-08 12:07 transformers.tokenization_utils ERROR    We need to remove 72 to truncate the inputbut the first sequence has a length 64. Please select another truncation strategy than TruncationStrategy.ONLY_FIRST, for instance 'longest_first' or 'only_second'.
07-08 12:10 transformers.tokenization_utils ERROR    We need to remove 76 to truncate the inputbut the first sequence has a length 57. Please select another truncation strategy than TruncationStrategy.ONLY_FIRST, for instance 'longest_first' or 'only_second'.
07-08 12:12 transformers.tokenization_utils ERROR    We need to remove 181 to truncate the inputbut the first sequence has a length 32. Please select another truncation strategy than TruncationStrategy.ONLY_FIRST, for instance 'longest_first' or 'only_second'.
07-08 12:14 transformers.tokenization_utils ERROR    We need to remove 184 to truncate the inputbut the first sequence has a length 25. Please select another truncation strategy than TruncationStrategy.ONLY_FIRST, for instance 'longest_first' or 'only_second'.
07-08 12:19 transformers.tokenization_utils ERROR    We need to remove 195 to truncate the inputbut the first sequence has a length 36. Please select another truncation strategy than TruncationStrategy.ONLY_FIRST, for instance 'longest_first' or 'only_second'.
07-08 12:21 transformers.tokenization_utils ERROR    We need to remove 202 to truncate the inputbut the first sequence has a length 43. Please select another truncation strategy than TruncationStrategy.ONLY_FIRST, for instance 'longest_first' or 'only_second'.
07-08 12:25 transformers.tokenization_utils ERROR    We need to remove 176 to truncate the inputbut the first sequence has a length 17. Please select another truncation strategy than TruncationStrategy.ONLY_FIRST, for instance 'longest_first' or 'only_second'.
07-08 12:31 transformers.tokenization_utils ERROR    We need to remove 193 to truncate the inputbut the first sequence has a length 34. Please select another truncation strategy than TruncationStrategy.ONLY_FIRST, for instance 'longest_first' or 'only_second'.
07-08 12:37 transformers.tokenization_utils ERROR    We need to remove 201 to truncate the inputbut the first sequence has a length 42. Please select another truncation strategy than TruncationStrategy.ONLY_FIRST, for instance 'longest_first' or 'only_second'.
07-08 12:43 transformers.tokenization_utils ERROR    We need to remove 190 to truncate the inputbut the first sequence has a length 31. Please select another truncation strategy than TruncationStrategy.ONLY_FIRST, for instance 'longest_first' or 'only_second'.
07-08 12:45 transformers.tokenization_utils ERROR    We need to remove 192 to truncate the inputbut the first sequence has a length 33. Please select another truncation strategy than TruncationStrategy.ONLY_FIRST, for instance 'longest_first' or 'only_second'.
07-08 12:57 transformers.tokenization_utils ERROR    We need to remove 195 to truncate the inputbut the first sequence has a length 36. Please select another truncation strategy than TruncationStrategy.ONLY_FIRST, for instance 'longest_first' or 'only_second'.
07-08 13:09 transformers.tokenization_utils ERROR    We need to remove 192 to truncate the inputbut the first sequence has a length 33. Please select another truncation strategy than TruncationStrategy.ONLY_FIRST, for instance 'longest_first' or 'only_second'.
07-08 13:24 transformers.tokenization_utils ERROR    We need to remove 39 to truncate the inputbut the first sequence has a length 20. Please select another truncation strategy than TruncationStrategy.ONLY_FIRST, for instance 'longest_first' or 'only_second'.
07-08 13:27 transformers.tokenization_utils ERROR    We need to remove 185 to truncate the inputbut the first sequence has a length 36. Please select another truncation strategy than TruncationStrategy.ONLY_FIRST, for instance 'longest_first' or 'only_second'.
07-08 13:31 transformers.tokenization_utils ERROR    We need to remove 192 to truncate the inputbut the first sequence has a length 33. Please select another truncation strategy than TruncationStrategy.ONLY_FIRST, for instance 'longest_first' or 'only_second'.
07-08 13:40 transformers.tokenization_utils ERROR    We need to remove 189 to truncate the inputbut the first sequence has a length 30. Please select another truncation strategy than TruncationStrategy.ONLY_FIRST, for instance 'longest_first' or 'only_second'.
07-08 13:40 transformers.tokenization_utils ERROR    We need to remove 64 to truncate the inputbut the first sequence has a length 41. Please select another truncation strategy than TruncationStrategy.ONLY_FIRST, for instance 'longest_first' or 'only_second'.
07-08 13:56 transformers.tokenization_utils ERROR    We need to remove 90 to truncate the inputbut the first sequence has a length 35. Please select another truncation strategy than TruncationStrategy.ONLY_FIRST, for instance 'longest_first' or 'only_second'.
07-08 14:01 transformers.tokenization_utils ERROR    We need to remove 23 to truncate the inputbut the first sequence has a length 20. Please select another truncation strategy than TruncationStrategy.ONLY_FIRST, for instance 'longest_first' or 'only_second'.
07-08 14:02 transformers.tokenization_utils ERROR    We need to remove 184 to truncate the inputbut the first sequence has a length 25. Please select another truncation strategy than TruncationStrategy.ONLY_FIRST, for instance 'longest_first' or 'only_second'.
07-08 14:11 transformers.tokenization_utils ERROR    We need to remove 66 to truncate the inputbut the first sequence has a length 43. Please select another truncation strategy than TruncationStrategy.ONLY_FIRST, for instance 'longest_first' or 'only_second'.
07-08 14:12 transformers.tokenization_utils ERROR    We need to remove 59 to truncate the inputbut the first sequence has a length 57. Please select another truncation strategy than TruncationStrategy.ONLY_FIRST, for instance 'longest_first' or 'only_second'.
07-08 14:23 transformers.tokenization_utils ERROR    We need to remove 47 to truncate the inputbut the first sequence has a length 28. Please select another truncation strategy than TruncationStrategy.ONLY_FIRST, for instance 'longest_first' or 'only_second'.
07-08 14:26 transformers.tokenization_utils ERROR    We need to remove 182 to truncate the inputbut the first sequence has a length 33. Please select another truncation strategy than TruncationStrategy.ONLY_FIRST, for instance 'longest_first' or 'only_second'.
07-08 14:37 transformers.tokenization_utils ERROR    We need to remove 50 to truncate the inputbut the first sequence has a length 46. Please select another truncation strategy than TruncationStrategy.ONLY_FIRST, for instance 'longest_first' or 'only_second'.
07-08 14:45 transformers.tokenization_utils ERROR    We need to remove 39 to truncate the inputbut the first sequence has a length 20. Please select another truncation strategy than TruncationStrategy.ONLY_FIRST, for instance 'longest_first' or 'only_second'.
07-08 14:58 transformers.tokenization_utils ERROR    We need to remove 120 to truncate the inputbut the first sequence has a length 31. Please select another truncation strategy than TruncationStrategy.ONLY_FIRST, for instance 'longest_first' or 'only_second'.
07-08 15:03 transformers.tokenization_utils ERROR    We need to remove 31 to truncate the inputbut the first sequence has a length 29. Please select another truncation strategy than TruncationStrategy.ONLY_FIRST, for instance 'longest_first' or 'only_second'.
07-08 15:21 transformers.tokenization_utils ERROR    We need to remove 45 to truncate the inputbut the first sequence has a length 34. Please select another truncation strategy than TruncationStrategy.ONLY_FIRST, for instance 'longest_first' or 'only_second'.
07-08 15:29 root     INFO     Train
07-08 15:29 root     INFO     tloss: 0.2492
07-08 15:29 root     INFO     acc:   0.8919
07-08 15:29 root     INFO     auc:   0.8889
07-08 15:29 root     INFO     f1:    0.8571
07-08 15:29 transformers.tokenization_utils_base INFO     loading file https://s3.amazonaws.com/models.huggingface.co/bert/bert-base-uncased-vocab.txt from cache at /home/ybai/.cache/torch/transformers/26bc1ad6c0ac742e9b52263248f6d0f00068293b33709fae12320c0e35ccfbbb.542ce4285a40d23a559526243235df47c5f75c197f04f37d1a0c124c32c9a084
07-08 15:29 root     INFO     数据集大小: 40430
07-08 15:30 transformers.tokenization_utils ERROR    We need to remove 71 to truncate the inputbut the first sequence has a length 21. Please select another truncation strategy than TruncationStrategy.ONLY_FIRST, for instance 'longest_first' or 'only_second'.
07-08 15:33 root     INFO     DEV_AND_TEST
07-08 15:33 root     INFO     tloss: 0.2651
07-08 15:33 root     INFO     acc:   0.8848
07-08 15:33 root     INFO     auc:   0.8836
07-08 15:33 root     INFO     f1:    0.8489
07-08 15:34 root     INFO     The 6 epoch.
07-08 15:49 transformers.tokenization_utils ERROR    We need to remove 181 to truncate the inputbut the first sequence has a length 32. Please select another truncation strategy than TruncationStrategy.ONLY_FIRST, for instance 'longest_first' or 'only_second'.
07-08 15:52 transformers.tokenization_utils ERROR    We need to remove 90 to truncate the inputbut the first sequence has a length 35. Please select another truncation strategy than TruncationStrategy.ONLY_FIRST, for instance 'longest_first' or 'only_second'.
07-08 16:06 transformers.tokenization_utils ERROR    We need to remove 189 to truncate the inputbut the first sequence has a length 30. Please select another truncation strategy than TruncationStrategy.ONLY_FIRST, for instance 'longest_first' or 'only_second'.
07-08 16:26 transformers.tokenization_utils ERROR    We need to remove 120 to truncate the inputbut the first sequence has a length 31. Please select another truncation strategy than TruncationStrategy.ONLY_FIRST, for instance 'longest_first' or 'only_second'.
07-08 16:49 transformers.tokenization_utils ERROR    We need to remove 201 to truncate the inputbut the first sequence has a length 42. Please select another truncation strategy than TruncationStrategy.ONLY_FIRST, for instance 'longest_first' or 'only_second'.
07-08 16:51 transformers.tokenization_utils ERROR    We need to remove 39 to truncate the inputbut the first sequence has a length 20. Please select another truncation strategy than TruncationStrategy.ONLY_FIRST, for instance 'longest_first' or 'only_second'.
07-08 16:57 transformers.tokenization_utils ERROR    We need to remove 66 to truncate the inputbut the first sequence has a length 43. Please select another truncation strategy than TruncationStrategy.ONLY_FIRST, for instance 'longest_first' or 'only_second'.
07-08 16:58 transformers.tokenization_utils ERROR    We need to remove 39 to truncate the inputbut the first sequence has a length 20. Please select another truncation strategy than TruncationStrategy.ONLY_FIRST, for instance 'longest_first' or 'only_second'.
07-08 16:59 transformers.tokenization_utils ERROR    We need to remove 184 to truncate the inputbut the first sequence has a length 25. Please select another truncation strategy than TruncationStrategy.ONLY_FIRST, for instance 'longest_first' or 'only_second'.
07-08 17:03 transformers.tokenization_utils ERROR    We need to remove 45 to truncate the inputbut the first sequence has a length 34. Please select another truncation strategy than TruncationStrategy.ONLY_FIRST, for instance 'longest_first' or 'only_second'.
07-08 17:13 transformers.tokenization_utils ERROR    We need to remove 76 to truncate the inputbut the first sequence has a length 57. Please select another truncation strategy than TruncationStrategy.ONLY_FIRST, for instance 'longest_first' or 'only_second'.
07-08 17:22 transformers.tokenization_utils ERROR    We need to remove 190 to truncate the inputbut the first sequence has a length 31. Please select another truncation strategy than TruncationStrategy.ONLY_FIRST, for instance 'longest_first' or 'only_second'.
07-08 17:26 transformers.tokenization_utils ERROR    We need to remove 47 to truncate the inputbut the first sequence has a length 28. Please select another truncation strategy than TruncationStrategy.ONLY_FIRST, for instance 'longest_first' or 'only_second'.
07-08 17:46 transformers.tokenization_utils ERROR    We need to remove 192 to truncate the inputbut the first sequence has a length 33. Please select another truncation strategy than TruncationStrategy.ONLY_FIRST, for instance 'longest_first' or 'only_second'.
07-08 17:53 transformers.tokenization_utils ERROR    We need to remove 202 to truncate the inputbut the first sequence has a length 43. Please select another truncation strategy than TruncationStrategy.ONLY_FIRST, for instance 'longest_first' or 'only_second'.
07-08 17:59 transformers.tokenization_utils ERROR    We need to remove 50 to truncate the inputbut the first sequence has a length 46. Please select another truncation strategy than TruncationStrategy.ONLY_FIRST, for instance 'longest_first' or 'only_second'.
07-08 18:06 transformers.tokenization_utils ERROR    We need to remove 185 to truncate the inputbut the first sequence has a length 36. Please select another truncation strategy than TruncationStrategy.ONLY_FIRST, for instance 'longest_first' or 'only_second'.
07-08 18:13 transformers.tokenization_utils ERROR    We need to remove 64 to truncate the inputbut the first sequence has a length 41. Please select another truncation strategy than TruncationStrategy.ONLY_FIRST, for instance 'longest_first' or 'only_second'.
07-08 18:16 transformers.tokenization_utils ERROR    We need to remove 184 to truncate the inputbut the first sequence has a length 25. Please select another truncation strategy than TruncationStrategy.ONLY_FIRST, for instance 'longest_first' or 'only_second'.
07-08 18:24 transformers.tokenization_utils ERROR    We need to remove 192 to truncate the inputbut the first sequence has a length 33. Please select another truncation strategy than TruncationStrategy.ONLY_FIRST, for instance 'longest_first' or 'only_second'.
07-08 18:27 transformers.tokenization_utils ERROR    We need to remove 195 to truncate the inputbut the first sequence has a length 36. Please select another truncation strategy than TruncationStrategy.ONLY_FIRST, for instance 'longest_first' or 'only_second'.
07-08 18:28 transformers.tokenization_utils ERROR    We need to remove 59 to truncate the inputbut the first sequence has a length 57. Please select another truncation strategy than TruncationStrategy.ONLY_FIRST, for instance 'longest_first' or 'only_second'.
07-08 18:30 transformers.tokenization_utils ERROR    We need to remove 176 to truncate the inputbut the first sequence has a length 17. Please select another truncation strategy than TruncationStrategy.ONLY_FIRST, for instance 'longest_first' or 'only_second'.
07-08 18:35 transformers.tokenization_utils ERROR    We need to remove 31 to truncate the inputbut the first sequence has a length 29. Please select another truncation strategy than TruncationStrategy.ONLY_FIRST, for instance 'longest_first' or 'only_second'.
07-08 18:35 transformers.tokenization_utils ERROR    We need to remove 72 to truncate the inputbut the first sequence has a length 64. Please select another truncation strategy than TruncationStrategy.ONLY_FIRST, for instance 'longest_first' or 'only_second'.
07-08 18:41 transformers.tokenization_utils ERROR    We need to remove 193 to truncate the inputbut the first sequence has a length 34. Please select another truncation strategy than TruncationStrategy.ONLY_FIRST, for instance 'longest_first' or 'only_second'.
07-08 18:42 transformers.tokenization_utils ERROR    We need to remove 192 to truncate the inputbut the first sequence has a length 33. Please select another truncation strategy than TruncationStrategy.ONLY_FIRST, for instance 'longest_first' or 'only_second'.
07-08 18:44 transformers.tokenization_utils ERROR    We need to remove 23 to truncate the inputbut the first sequence has a length 20. Please select another truncation strategy than TruncationStrategy.ONLY_FIRST, for instance 'longest_first' or 'only_second'.
07-08 18:51 transformers.tokenization_utils ERROR    We need to remove 195 to truncate the inputbut the first sequence has a length 36. Please select another truncation strategy than TruncationStrategy.ONLY_FIRST, for instance 'longest_first' or 'only_second'.
07-08 18:54 transformers.tokenization_utils ERROR    We need to remove 182 to truncate the inputbut the first sequence has a length 33. Please select another truncation strategy than TruncationStrategy.ONLY_FIRST, for instance 'longest_first' or 'only_second'.
07-08 18:55 root     INFO     Train
07-08 18:55 root     INFO     tloss: 0.2369
07-08 18:55 root     INFO     acc:   0.8977
07-08 18:55 root     INFO     auc:   0.8951
07-08 18:55 root     INFO     f1:    0.8647
07-08 18:55 transformers.tokenization_utils_base INFO     loading file https://s3.amazonaws.com/models.huggingface.co/bert/bert-base-uncased-vocab.txt from cache at /home/ybai/.cache/torch/transformers/26bc1ad6c0ac742e9b52263248f6d0f00068293b33709fae12320c0e35ccfbbb.542ce4285a40d23a559526243235df47c5f75c197f04f37d1a0c124c32c9a084
07-08 18:55 root     INFO     数据集大小: 40430
07-08 18:56 transformers.tokenization_utils ERROR    We need to remove 71 to truncate the inputbut the first sequence has a length 21. Please select another truncation strategy than TruncationStrategy.ONLY_FIRST, for instance 'longest_first' or 'only_second'.
07-08 18:59 root     INFO     DEV_AND_TEST
07-08 18:59 root     INFO     tloss: 0.2629
07-08 18:59 root     INFO     acc:   0.8876
07-08 18:59 root     INFO     auc:   0.8860
07-08 18:59 root     INFO     f1:    0.8522
07-08 19:00 root     INFO     The 7 epoch.
07-08 19:10 transformers.tokenization_utils ERROR    We need to remove 192 to truncate the inputbut the first sequence has a length 33. Please select another truncation strategy than TruncationStrategy.ONLY_FIRST, for instance 'longest_first' or 'only_second'.
07-08 19:13 transformers.tokenization_utils ERROR    We need to remove 50 to truncate the inputbut the first sequence has a length 46. Please select another truncation strategy than TruncationStrategy.ONLY_FIRST, for instance 'longest_first' or 'only_second'.
07-08 19:25 transformers.tokenization_utils ERROR    We need to remove 190 to truncate the inputbut the first sequence has a length 31. Please select another truncation strategy than TruncationStrategy.ONLY_FIRST, for instance 'longest_first' or 'only_second'.
07-08 19:34 transformers.tokenization_utils ERROR    We need to remove 181 to truncate the inputbut the first sequence has a length 32. Please select another truncation strategy than TruncationStrategy.ONLY_FIRST, for instance 'longest_first' or 'only_second'.
07-08 19:37 transformers.tokenization_utils ERROR    We need to remove 192 to truncate the inputbut the first sequence has a length 33. Please select another truncation strategy than TruncationStrategy.ONLY_FIRST, for instance 'longest_first' or 'only_second'.
07-08 19:38 transformers.tokenization_utils ERROR    We need to remove 176 to truncate the inputbut the first sequence has a length 17. Please select another truncation strategy than TruncationStrategy.ONLY_FIRST, for instance 'longest_first' or 'only_second'.
07-08 19:41 transformers.tokenization_utils ERROR    We need to remove 66 to truncate the inputbut the first sequence has a length 43. Please select another truncation strategy than TruncationStrategy.ONLY_FIRST, for instance 'longest_first' or 'only_second'.
07-08 19:50 transformers.tokenization_utils ERROR    We need to remove 184 to truncate the inputbut the first sequence has a length 25. Please select another truncation strategy than TruncationStrategy.ONLY_FIRST, for instance 'longest_first' or 'only_second'.
07-08 19:53 transformers.tokenization_utils ERROR    We need to remove 189 to truncate the inputbut the first sequence has a length 30. Please select another truncation strategy than TruncationStrategy.ONLY_FIRST, for instance 'longest_first' or 'only_second'.
07-08 19:58 transformers.tokenization_utils ERROR    We need to remove 120 to truncate the inputbut the first sequence has a length 31. Please select another truncation strategy than TruncationStrategy.ONLY_FIRST, for instance 'longest_first' or 'only_second'.
07-08 19:58 transformers.tokenization_utils ERROR    We need to remove 39 to truncate the inputbut the first sequence has a length 20. Please select another truncation strategy than TruncationStrategy.ONLY_FIRST, for instance 'longest_first' or 'only_second'.
07-08 20:07 transformers.tokenization_utils ERROR    We need to remove 31 to truncate the inputbut the first sequence has a length 29. Please select another truncation strategy than TruncationStrategy.ONLY_FIRST, for instance 'longest_first' or 'only_second'.
07-08 20:14 transformers.tokenization_utils ERROR    We need to remove 195 to truncate the inputbut the first sequence has a length 36. Please select another truncation strategy than TruncationStrategy.ONLY_FIRST, for instance 'longest_first' or 'only_second'.
07-08 20:37 transformers.tokenization_utils ERROR    We need to remove 23 to truncate the inputbut the first sequence has a length 20. Please select another truncation strategy than TruncationStrategy.ONLY_FIRST, for instance 'longest_first' or 'only_second'.
07-08 20:40 transformers.tokenization_utils ERROR    We need to remove 76 to truncate the inputbut the first sequence has a length 57. Please select another truncation strategy than TruncationStrategy.ONLY_FIRST, for instance 'longest_first' or 'only_second'.
07-08 20:45 transformers.tokenization_utils ERROR    We need to remove 193 to truncate the inputbut the first sequence has a length 34. Please select another truncation strategy than TruncationStrategy.ONLY_FIRST, for instance 'longest_first' or 'only_second'.
07-08 20:55 transformers.tokenization_utils ERROR    We need to remove 90 to truncate the inputbut the first sequence has a length 35. Please select another truncation strategy than TruncationStrategy.ONLY_FIRST, for instance 'longest_first' or 'only_second'.
07-08 21:00 transformers.tokenization_utils ERROR    We need to remove 195 to truncate the inputbut the first sequence has a length 36. Please select another truncation strategy than TruncationStrategy.ONLY_FIRST, for instance 'longest_first' or 'only_second'.
07-08 21:04 transformers.tokenization_utils ERROR    We need to remove 59 to truncate the inputbut the first sequence has a length 57. Please select another truncation strategy than TruncationStrategy.ONLY_FIRST, for instance 'longest_first' or 'only_second'.
07-08 21:08 transformers.tokenization_utils ERROR    We need to remove 45 to truncate the inputbut the first sequence has a length 34. Please select another truncation strategy than TruncationStrategy.ONLY_FIRST, for instance 'longest_first' or 'only_second'.
07-08 21:27 transformers.tokenization_utils ERROR    We need to remove 182 to truncate the inputbut the first sequence has a length 33. Please select another truncation strategy than TruncationStrategy.ONLY_FIRST, for instance 'longest_first' or 'only_second'.
07-08 21:29 transformers.tokenization_utils ERROR    We need to remove 64 to truncate the inputbut the first sequence has a length 41. Please select another truncation strategy than TruncationStrategy.ONLY_FIRST, for instance 'longest_first' or 'only_second'.
07-08 21:39 transformers.tokenization_utils ERROR    We need to remove 47 to truncate the inputbut the first sequence has a length 28. Please select another truncation strategy than TruncationStrategy.ONLY_FIRST, for instance 'longest_first' or 'only_second'.
07-08 21:47 transformers.tokenization_utils ERROR    We need to remove 185 to truncate the inputbut the first sequence has a length 36. Please select another truncation strategy than TruncationStrategy.ONLY_FIRST, for instance 'longest_first' or 'only_second'.
07-08 22:05 transformers.tokenization_utils ERROR    We need to remove 72 to truncate the inputbut the first sequence has a length 64. Please select another truncation strategy than TruncationStrategy.ONLY_FIRST, for instance 'longest_first' or 'only_second'.
07-08 22:05 transformers.tokenization_utils ERROR    We need to remove 201 to truncate the inputbut the first sequence has a length 42. Please select another truncation strategy than TruncationStrategy.ONLY_FIRST, for instance 'longest_first' or 'only_second'.
07-08 22:12 transformers.tokenization_utils ERROR    We need to remove 39 to truncate the inputbut the first sequence has a length 20. Please select another truncation strategy than TruncationStrategy.ONLY_FIRST, for instance 'longest_first' or 'only_second'.
07-08 22:13 transformers.tokenization_utils ERROR    We need to remove 202 to truncate the inputbut the first sequence has a length 43. Please select another truncation strategy than TruncationStrategy.ONLY_FIRST, for instance 'longest_first' or 'only_second'.
07-08 22:17 transformers.tokenization_utils ERROR    We need to remove 192 to truncate the inputbut the first sequence has a length 33. Please select another truncation strategy than TruncationStrategy.ONLY_FIRST, for instance 'longest_first' or 'only_second'.
07-08 22:21 transformers.tokenization_utils ERROR    We need to remove 184 to truncate the inputbut the first sequence has a length 25. Please select another truncation strategy than TruncationStrategy.ONLY_FIRST, for instance 'longest_first' or 'only_second'.
07-08 22:21 root     INFO     Train
07-08 22:21 root     INFO     tloss: 0.2260
07-08 22:21 root     INFO     acc:   0.9037
07-08 22:21 root     INFO     auc:   0.9012
07-08 22:21 root     INFO     f1:    0.8724
07-08 22:21 transformers.tokenization_utils_base INFO     loading file https://s3.amazonaws.com/models.huggingface.co/bert/bert-base-uncased-vocab.txt from cache at /home/ybai/.cache/torch/transformers/26bc1ad6c0ac742e9b52263248f6d0f00068293b33709fae12320c0e35ccfbbb.542ce4285a40d23a559526243235df47c5f75c197f04f37d1a0c124c32c9a084
07-08 22:21 root     INFO     数据集大小: 40430
07-08 22:23 transformers.tokenization_utils ERROR    We need to remove 71 to truncate the inputbut the first sequence has a length 21. Please select another truncation strategy than TruncationStrategy.ONLY_FIRST, for instance 'longest_first' or 'only_second'.
07-08 22:26 root     INFO     DEV_AND_TEST
07-08 22:26 root     INFO     tloss: 0.2630
07-08 22:26 root     INFO     acc:   0.8870
07-08 22:26 root     INFO     auc:   0.8897
07-08 22:26 root     INFO     f1:    0.8543
07-08 22:26 root     INFO     The 8 epoch.
07-08 22:36 transformers.tokenization_utils ERROR    We need to remove 192 to truncate the inputbut the first sequence has a length 33. Please select another truncation strategy than TruncationStrategy.ONLY_FIRST, for instance 'longest_first' or 'only_second'.
07-08 22:40 transformers.tokenization_utils ERROR    We need to remove 90 to truncate the inputbut the first sequence has a length 35. Please select another truncation strategy than TruncationStrategy.ONLY_FIRST, for instance 'longest_first' or 'only_second'.
07-08 22:46 transformers.tokenization_utils ERROR    We need to remove 192 to truncate the inputbut the first sequence has a length 33. Please select another truncation strategy than TruncationStrategy.ONLY_FIRST, for instance 'longest_first' or 'only_second'.
07-08 22:57 transformers.tokenization_utils ERROR    We need to remove 39 to truncate the inputbut the first sequence has a length 20. Please select another truncation strategy than TruncationStrategy.ONLY_FIRST, for instance 'longest_first' or 'only_second'.
07-08 23:00 transformers.tokenization_utils ERROR    We need to remove 195 to truncate the inputbut the first sequence has a length 36. Please select another truncation strategy than TruncationStrategy.ONLY_FIRST, for instance 'longest_first' or 'only_second'.
07-08 23:32 transformers.tokenization_utils ERROR    We need to remove 64 to truncate the inputbut the first sequence has a length 41. Please select another truncation strategy than TruncationStrategy.ONLY_FIRST, for instance 'longest_first' or 'only_second'.
07-08 23:32 transformers.tokenization_utils ERROR    We need to remove 185 to truncate the inputbut the first sequence has a length 36. Please select another truncation strategy than TruncationStrategy.ONLY_FIRST, for instance 'longest_first' or 'only_second'.
07-08 23:33 transformers.tokenization_utils ERROR    We need to remove 31 to truncate the inputbut the first sequence has a length 29. Please select another truncation strategy than TruncationStrategy.ONLY_FIRST, for instance 'longest_first' or 'only_second'.
07-08 23:36 transformers.tokenization_utils ERROR    We need to remove 181 to truncate the inputbut the first sequence has a length 32. Please select another truncation strategy than TruncationStrategy.ONLY_FIRST, for instance 'longest_first' or 'only_second'.
07-08 23:39 transformers.tokenization_utils ERROR    We need to remove 201 to truncate the inputbut the first sequence has a length 42. Please select another truncation strategy than TruncationStrategy.ONLY_FIRST, for instance 'longest_first' or 'only_second'.
07-08 23:46 transformers.tokenization_utils ERROR    We need to remove 59 to truncate the inputbut the first sequence has a length 57. Please select another truncation strategy than TruncationStrategy.ONLY_FIRST, for instance 'longest_first' or 'only_second'.
07-08 23:46 transformers.tokenization_utils ERROR    We need to remove 120 to truncate the inputbut the first sequence has a length 31. Please select another truncation strategy than TruncationStrategy.ONLY_FIRST, for instance 'longest_first' or 'only_second'.
07-08 23:46 transformers.tokenization_utils ERROR    We need to remove 193 to truncate the inputbut the first sequence has a length 34. Please select another truncation strategy than TruncationStrategy.ONLY_FIRST, for instance 'longest_first' or 'only_second'.
07-08 23:58 transformers.tokenization_utils ERROR    We need to remove 202 to truncate the inputbut the first sequence has a length 43. Please select another truncation strategy than TruncationStrategy.ONLY_FIRST, for instance 'longest_first' or 'only_second'.
07-09 00:00 transformers.tokenization_utils ERROR    We need to remove 47 to truncate the inputbut the first sequence has a length 28. Please select another truncation strategy than TruncationStrategy.ONLY_FIRST, for instance 'longest_first' or 'only_second'.
07-09 00:02 transformers.tokenization_utils ERROR    We need to remove 23 to truncate the inputbut the first sequence has a length 20. Please select another truncation strategy than TruncationStrategy.ONLY_FIRST, for instance 'longest_first' or 'only_second'.
07-09 00:23 transformers.tokenization_utils ERROR    We need to remove 39 to truncate the inputbut the first sequence has a length 20. Please select another truncation strategy than TruncationStrategy.ONLY_FIRST, for instance 'longest_first' or 'only_second'.
07-09 00:46 transformers.tokenization_utils ERROR    We need to remove 190 to truncate the inputbut the first sequence has a length 31. Please select another truncation strategy than TruncationStrategy.ONLY_FIRST, for instance 'longest_first' or 'only_second'.
07-09 00:52 transformers.tokenization_utils ERROR    We need to remove 66 to truncate the inputbut the first sequence has a length 43. Please select another truncation strategy than TruncationStrategy.ONLY_FIRST, for instance 'longest_first' or 'only_second'.
07-09 01:00 transformers.tokenization_utils ERROR    We need to remove 50 to truncate the inputbut the first sequence has a length 46. Please select another truncation strategy than TruncationStrategy.ONLY_FIRST, for instance 'longest_first' or 'only_second'.
07-09 01:08 transformers.tokenization_utils ERROR    We need to remove 184 to truncate the inputbut the first sequence has a length 25. Please select another truncation strategy than TruncationStrategy.ONLY_FIRST, for instance 'longest_first' or 'only_second'.
07-09 01:15 transformers.tokenization_utils ERROR    We need to remove 195 to truncate the inputbut the first sequence has a length 36. Please select another truncation strategy than TruncationStrategy.ONLY_FIRST, for instance 'longest_first' or 'only_second'.
07-09 01:16 transformers.tokenization_utils ERROR    We need to remove 182 to truncate the inputbut the first sequence has a length 33. Please select another truncation strategy than TruncationStrategy.ONLY_FIRST, for instance 'longest_first' or 'only_second'.
07-09 01:16 transformers.tokenization_utils ERROR    We need to remove 184 to truncate the inputbut the first sequence has a length 25. Please select another truncation strategy than TruncationStrategy.ONLY_FIRST, for instance 'longest_first' or 'only_second'.
07-09 01:32 transformers.tokenization_utils ERROR    We need to remove 192 to truncate the inputbut the first sequence has a length 33. Please select another truncation strategy than TruncationStrategy.ONLY_FIRST, for instance 'longest_first' or 'only_second'.
07-09 01:32 transformers.tokenization_utils ERROR    We need to remove 76 to truncate the inputbut the first sequence has a length 57. Please select another truncation strategy than TruncationStrategy.ONLY_FIRST, for instance 'longest_first' or 'only_second'.
07-09 01:34 transformers.tokenization_utils ERROR    We need to remove 45 to truncate the inputbut the first sequence has a length 34. Please select another truncation strategy than TruncationStrategy.ONLY_FIRST, for instance 'longest_first' or 'only_second'.
07-09 01:39 transformers.tokenization_utils ERROR    We need to remove 72 to truncate the inputbut the first sequence has a length 64. Please select another truncation strategy than TruncationStrategy.ONLY_FIRST, for instance 'longest_first' or 'only_second'.
07-09 01:49 transformers.tokenization_utils ERROR    We need to remove 189 to truncate the inputbut the first sequence has a length 30. Please select another truncation strategy than TruncationStrategy.ONLY_FIRST, for instance 'longest_first' or 'only_second'.
07-09 01:50 transformers.tokenization_utils ERROR    We need to remove 176 to truncate the inputbut the first sequence has a length 17. Please select another truncation strategy than TruncationStrategy.ONLY_FIRST, for instance 'longest_first' or 'only_second'.
07-09 01:51 root     INFO     Train
07-09 01:51 root     INFO     tloss: 0.2151
07-09 01:51 root     INFO     acc:   0.9086
07-09 01:51 root     INFO     auc:   0.9066
07-09 01:51 root     INFO     f1:    0.8790
07-09 01:51 transformers.tokenization_utils_base INFO     loading file https://s3.amazonaws.com/models.huggingface.co/bert/bert-base-uncased-vocab.txt from cache at /home/ybai/.cache/torch/transformers/26bc1ad6c0ac742e9b52263248f6d0f00068293b33709fae12320c0e35ccfbbb.542ce4285a40d23a559526243235df47c5f75c197f04f37d1a0c124c32c9a084
07-09 01:51 root     INFO     数据集大小: 40430
07-09 01:52 transformers.tokenization_utils ERROR    We need to remove 71 to truncate the inputbut the first sequence has a length 21. Please select another truncation strategy than TruncationStrategy.ONLY_FIRST, for instance 'longest_first' or 'only_second'.
07-09 01:56 root     INFO     DEV_AND_TEST
07-09 01:56 root     INFO     tloss: 0.2562
07-09 01:56 root     INFO     acc:   0.8901
07-09 01:56 root     INFO     auc:   0.8882
07-09 01:56 root     INFO     f1:    0.8551
07-09 01:56 root     INFO     The 9 epoch.
07-09 02:03 transformers.tokenization_utils ERROR    We need to remove 120 to truncate the inputbut the first sequence has a length 31. Please select another truncation strategy than TruncationStrategy.ONLY_FIRST, for instance 'longest_first' or 'only_second'.
07-09 02:23 transformers.tokenization_utils ERROR    We need to remove 45 to truncate the inputbut the first sequence has a length 34. Please select another truncation strategy than TruncationStrategy.ONLY_FIRST, for instance 'longest_first' or 'only_second'.
07-09 02:29 transformers.tokenization_utils ERROR    We need to remove 176 to truncate the inputbut the first sequence has a length 17. Please select another truncation strategy than TruncationStrategy.ONLY_FIRST, for instance 'longest_first' or 'only_second'.
07-09 02:45 transformers.tokenization_utils ERROR    We need to remove 39 to truncate the inputbut the first sequence has a length 20. Please select another truncation strategy than TruncationStrategy.ONLY_FIRST, for instance 'longest_first' or 'only_second'.
07-09 02:57 transformers.tokenization_utils ERROR    We need to remove 47 to truncate the inputbut the first sequence has a length 28. Please select another truncation strategy than TruncationStrategy.ONLY_FIRST, for instance 'longest_first' or 'only_second'.
07-09 02:58 transformers.tokenization_utils ERROR    We need to remove 181 to truncate the inputbut the first sequence has a length 32. Please select another truncation strategy than TruncationStrategy.ONLY_FIRST, for instance 'longest_first' or 'only_second'.
07-09 03:04 transformers.tokenization_utils ERROR    We need to remove 76 to truncate the inputbut the first sequence has a length 57. Please select another truncation strategy than TruncationStrategy.ONLY_FIRST, for instance 'longest_first' or 'only_second'.
07-09 03:15 transformers.tokenization_utils ERROR    We need to remove 66 to truncate the inputbut the first sequence has a length 43. Please select another truncation strategy than TruncationStrategy.ONLY_FIRST, for instance 'longest_first' or 'only_second'.
07-09 03:16 transformers.tokenization_utils ERROR    We need to remove 50 to truncate the inputbut the first sequence has a length 46. Please select another truncation strategy than TruncationStrategy.ONLY_FIRST, for instance 'longest_first' or 'only_second'.
07-09 03:29 transformers.tokenization_utils ERROR    We need to remove 90 to truncate the inputbut the first sequence has a length 35. Please select another truncation strategy than TruncationStrategy.ONLY_FIRST, for instance 'longest_first' or 'only_second'.
07-09 03:30 transformers.tokenization_utils ERROR    We need to remove 192 to truncate the inputbut the first sequence has a length 33. Please select another truncation strategy than TruncationStrategy.ONLY_FIRST, for instance 'longest_first' or 'only_second'.
07-09 03:31 transformers.tokenization_utils ERROR    We need to remove 39 to truncate the inputbut the first sequence has a length 20. Please select another truncation strategy than TruncationStrategy.ONLY_FIRST, for instance 'longest_first' or 'only_second'.
07-09 03:32 transformers.tokenization_utils ERROR    We need to remove 64 to truncate the inputbut the first sequence has a length 41. Please select another truncation strategy than TruncationStrategy.ONLY_FIRST, for instance 'longest_first' or 'only_second'.
07-09 03:34 transformers.tokenization_utils ERROR    We need to remove 195 to truncate the inputbut the first sequence has a length 36. Please select another truncation strategy than TruncationStrategy.ONLY_FIRST, for instance 'longest_first' or 'only_second'.
07-09 03:40 transformers.tokenization_utils ERROR    We need to remove 195 to truncate the inputbut the first sequence has a length 36. Please select another truncation strategy than TruncationStrategy.ONLY_FIRST, for instance 'longest_first' or 'only_second'.
07-09 03:59 transformers.tokenization_utils ERROR    We need to remove 190 to truncate the inputbut the first sequence has a length 31. Please select another truncation strategy than TruncationStrategy.ONLY_FIRST, for instance 'longest_first' or 'only_second'.
07-09 04:07 transformers.tokenization_utils ERROR    We need to remove 59 to truncate the inputbut the first sequence has a length 57. Please select another truncation strategy than TruncationStrategy.ONLY_FIRST, for instance 'longest_first' or 'only_second'.
07-09 04:09 transformers.tokenization_utils ERROR    We need to remove 184 to truncate the inputbut the first sequence has a length 25. Please select another truncation strategy than TruncationStrategy.ONLY_FIRST, for instance 'longest_first' or 'only_second'.
07-09 04:09 transformers.tokenization_utils ERROR    We need to remove 202 to truncate the inputbut the first sequence has a length 43. Please select another truncation strategy than TruncationStrategy.ONLY_FIRST, for instance 'longest_first' or 'only_second'.
07-09 04:10 transformers.tokenization_utils ERROR    We need to remove 182 to truncate the inputbut the first sequence has a length 33. Please select another truncation strategy than TruncationStrategy.ONLY_FIRST, for instance 'longest_first' or 'only_second'.
07-09 04:26 transformers.tokenization_utils ERROR    We need to remove 72 to truncate the inputbut the first sequence has a length 64. Please select another truncation strategy than TruncationStrategy.ONLY_FIRST, for instance 'longest_first' or 'only_second'.
07-09 04:27 transformers.tokenization_utils ERROR    We need to remove 192 to truncate the inputbut the first sequence has a length 33. Please select another truncation strategy than TruncationStrategy.ONLY_FIRST, for instance 'longest_first' or 'only_second'.
07-09 04:28 transformers.tokenization_utils ERROR    We need to remove 23 to truncate the inputbut the first sequence has a length 20. Please select another truncation strategy than TruncationStrategy.ONLY_FIRST, for instance 'longest_first' or 'only_second'.
07-09 04:29 transformers.tokenization_utils ERROR    We need to remove 201 to truncate the inputbut the first sequence has a length 42. Please select another truncation strategy than TruncationStrategy.ONLY_FIRST, for instance 'longest_first' or 'only_second'.
07-09 04:32 transformers.tokenization_utils ERROR    We need to remove 192 to truncate the inputbut the first sequence has a length 33. Please select another truncation strategy than TruncationStrategy.ONLY_FIRST, for instance 'longest_first' or 'only_second'.
07-09 04:43 transformers.tokenization_utils ERROR    We need to remove 31 to truncate the inputbut the first sequence has a length 29. Please select another truncation strategy than TruncationStrategy.ONLY_FIRST, for instance 'longest_first' or 'only_second'.
07-09 04:49 transformers.tokenization_utils ERROR    We need to remove 184 to truncate the inputbut the first sequence has a length 25. Please select another truncation strategy than TruncationStrategy.ONLY_FIRST, for instance 'longest_first' or 'only_second'.
07-09 04:52 transformers.tokenization_utils ERROR    We need to remove 189 to truncate the inputbut the first sequence has a length 30. Please select another truncation strategy than TruncationStrategy.ONLY_FIRST, for instance 'longest_first' or 'only_second'.
07-09 04:54 transformers.tokenization_utils ERROR    We need to remove 185 to truncate the inputbut the first sequence has a length 36. Please select another truncation strategy than TruncationStrategy.ONLY_FIRST, for instance 'longest_first' or 'only_second'.
07-09 04:54 transformers.tokenization_utils ERROR    We need to remove 193 to truncate the inputbut the first sequence has a length 34. Please select another truncation strategy than TruncationStrategy.ONLY_FIRST, for instance 'longest_first' or 'only_second'.
07-09 05:20 root     INFO     Train
07-09 05:20 root     INFO     tloss: 0.2052
07-09 05:20 root     INFO     acc:   0.9133
07-09 05:20 root     INFO     auc:   0.9115
07-09 05:20 root     INFO     f1:    0.8852
07-09 05:20 transformers.tokenization_utils_base INFO     loading file https://s3.amazonaws.com/models.huggingface.co/bert/bert-base-uncased-vocab.txt from cache at /home/ybai/.cache/torch/transformers/26bc1ad6c0ac742e9b52263248f6d0f00068293b33709fae12320c0e35ccfbbb.542ce4285a40d23a559526243235df47c5f75c197f04f37d1a0c124c32c9a084
07-09 05:20 root     INFO     数据集大小: 40430
07-09 05:21 transformers.tokenization_utils ERROR    We need to remove 71 to truncate the inputbut the first sequence has a length 21. Please select another truncation strategy than TruncationStrategy.ONLY_FIRST, for instance 'longest_first' or 'only_second'.
07-09 05:25 root     INFO     DEV_AND_TEST
07-09 05:25 root     INFO     tloss: 0.2611
07-09 05:25 root     INFO     acc:   0.8931
07-09 05:25 root     INFO     auc:   0.8937
07-09 05:25 root     INFO     f1:    0.8606
